<?xml version="1.0" encoding="UTF-8"?>
<testng-results ignored="0" total="1" passed="1" failed="0" skipped="0">
  <reporter-output>
  </reporter-output>
  <suite started-at="2023-04-19T19:45:31 IST" name="Default suite" finished-at="2023-04-19T19:46:04 IST" duration-ms="32620">
    <groups>
    </groups>
    <test started-at="2023-04-19T19:45:31 IST" name="Default test" finished-at="2023-04-19T19:46:04 IST" duration-ms="32620">
      <class name="Maven.Parameters">
        <test-method signature="m1()[pri:0, instance:Maven.Parameters@3c130745]" started-at="2023-04-19T19:45:31 IST" name="m1" finished-at="2023-04-19T19:46:04 IST" duration-ms="32557" status="PASS">
          <reporter-output>
          </reporter-output>
        </test-method> <!-- m1 -->
      </class> <!-- Maven.Parameters -->
    </test> <!-- Default test -->
  </suite> <!-- Default suite -->
</testng-results>
